main.obj : error LNK2019: unresolved external symbol glewInit referenced in function main
main.obj : error LNK2019: unresolved external symbol glfwInit referenced in function main
main.obj : error LNK2019: unresolved external symbol glfwTerminate referenced in function main
main.obj : error LNK2019: unresolved external symbol glfwWindowHint referenced in function main
main.obj : error LNK2019: unresolved external symbol glfwCreateWindow referenced in function main
main.obj : error LNK2019: unresolved external symbol glfwWindowShouldClose referenced in function main
main.obj : error LNK2019: unresolved external symbol glfwSetWindowShouldClose referenced in function "void __cdecl key_callback(struct GLFWwindow *,int,int,int,int)" (?key_callback@@YAXPEAUGLFWwindow@@HHHH@Z)
main.obj : error LNK2019: unresolved external symbol glfwGetFramebufferSize referenced in function main
main.obj : error LNK2019: unresolved external symbol glfwPollEvents referenced in function main
main.obj : error LNK2019: unresolved external symbol glfwSetKeyCallback referenced in function main
main.obj : error LNK2019: unresolved external symbol glfwSetCursorPosCallback referenced in function main
main.obj : error LNK2019: unresolved external symbol glfwSetScrollCallback referenced in function main
main.obj : error LNK2019: unresolved external symbol glfwGetTime referenced in function main
main.obj : error LNK2019: unresolved external symbol glfwMakeContextCurrent referenced in function main
main.obj : error LNK2019: unresolved external symbol glfwSwapBuffers referenced in function main
main.obj : error LNK2001: unresolved external symbol __glewBindBuffer
main.obj : error LNK2001: unresolved external symbol __glewBufferData
main.obj : error LNK2001: unresolved external symbol __glewGenBuffers
main.obj : error LNK2001: unresolved external symbol __glewAttachShader
main.obj : error LNK2001: unresolved external symbol __glewCompileShader
main.obj : error LNK2001: unresolved external symbol __glewCreateProgram
main.obj : error LNK2001: unresolved external symbol __glewCreateShader
main.obj : error LNK2001: unresolved external symbol __glewDeleteShader
main.obj : error LNK2001: unresolved external symbol __glewEnableVertexAttribArray
main.obj : error LNK2001: unresolved external symbol __glewGetProgramInfoLog
main.obj : error LNK2001: unresolved external symbol __glewGetProgramiv
main.obj : error LNK2001: unresolved external symbol __glewGetShaderInfoLog
main.obj : error LNK2001: unresolved external symbol __glewGetShaderiv
main.obj : error LNK2001: unresolved external symbol __glewGetUniformLocation
main.obj : error LNK2001: unresolved external symbol __glewLinkProgram
main.obj : error LNK2001: unresolved external symbol __glewShaderSource
main.obj : error LNK2001: unresolved external symbol __glewUniform3f
main.obj : error LNK2001: unresolved external symbol __glewUniformMatrix4fv
main.obj : error LNK2001: unresolved external symbol __glewUseProgram
main.obj : error LNK2001: unresolved external symbol __glewVertexAttribPointer
main.obj : error LNK2001: unresolved external symbol __glewBindVertexArray
main.obj : error LNK2001: unresolved external symbol __glewGenVertexArrays
main.obj : error LNK2001: unresolved external symbol glewExperimental
C:\Users\nnath\Desktop\OpenGL1\HW3\Dependencies\GLFW\lib-vc2019\glfw3.lib : warning LNK4272: library machine type 'x86' conflicts with target machine type 'x64'
C:\Users\nnath\Desktop\OpenGL1\HW3\Dependencies\GLEW\lib\Release\Win32\glew32s.lib : warning LNK4272: library machine type 'x86' conflicts with target machine type 'x64'
C:\Users\nnath\Desktop\OpenGL1\HW3\x64\Debug\HW3.exe : fatal error LNK1120: 38 unresolved externals
